CRITICAL - 2023-10-28 15:56:07 --> Invalid file: "bank_accounts.php"
in SYSTEMPATH\Exceptions\FrameworkException.php on line 39.
 1 SYSTEMPATH\View\View.php(216): CodeIgniter\Exceptions\FrameworkException::forInvalidFile('bank_accounts.php')
 2 SYSTEMPATH\Common.php(1190): CodeIgniter\View\View->render('bank_accounts', [], true)
 3 APPPATH\Controllers\BankAccountController.php(19): view('bank_accounts', [...])
 4 SYSTEMPATH\CodeIgniter.php(942): App\Controllers\BankAccountController->index()
 5 SYSTEMPATH\CodeIgniter.php(502): CodeIgniter\CodeIgniter->runController(Object(App\Controllers\BankAccountController))
 6 SYSTEMPATH\CodeIgniter.php(361): CodeIgniter\CodeIgniter->handleRequest(null, Object(Config\Cache), false)
 7 FCPATH\index.php(79): CodeIgniter\CodeIgniter->run()
CRITICAL - 2023-10-28 15:56:18 --> Invalid file: "bank_accounts.php"
in SYSTEMPATH\Exceptions\FrameworkException.php on line 39.
 1 SYSTEMPATH\View\View.php(216): CodeIgniter\Exceptions\FrameworkException::forInvalidFile('bank_accounts.php')
 2 SYSTEMPATH\Common.php(1190): CodeIgniter\View\View->render('bank_accounts', [], true)
 3 APPPATH\Controllers\BankAccountController.php(19): view('bank_accounts', [...])
 4 SYSTEMPATH\CodeIgniter.php(942): App\Controllers\BankAccountController->index()
 5 SYSTEMPATH\CodeIgniter.php(502): CodeIgniter\CodeIgniter->runController(Object(App\Controllers\BankAccountController))
 6 SYSTEMPATH\CodeIgniter.php(361): CodeIgniter\CodeIgniter->handleRequest(null, Object(Config\Cache), false)
 7 FCPATH\index.php(79): CodeIgniter\CodeIgniter->run()
CRITICAL - 2023-10-28 15:56:38 --> Invalid file: "bank_accounts.php"
in SYSTEMPATH\Exceptions\FrameworkException.php on line 39.
 1 SYSTEMPATH\View\View.php(216): CodeIgniter\Exceptions\FrameworkException::forInvalidFile('bank_accounts.php')
 2 SYSTEMPATH\Common.php(1190): CodeIgniter\View\View->render('bank_accounts', [], true)
 3 APPPATH\Controllers\BankAccountController.php(19): view('bank_accounts', [...])
 4 SYSTEMPATH\CodeIgniter.php(942): App\Controllers\BankAccountController->index()
 5 SYSTEMPATH\CodeIgniter.php(502): CodeIgniter\CodeIgniter->runController(Object(App\Controllers\BankAccountController))
 6 SYSTEMPATH\CodeIgniter.php(361): CodeIgniter\CodeIgniter->handleRequest(null, Object(Config\Cache), false)
 7 FCPATH\index.php(79): CodeIgniter\CodeIgniter->run()
CRITICAL - 2023-10-28 15:56:44 --> Invalid file: "bank_accounts.php"
in SYSTEMPATH\Exceptions\FrameworkException.php on line 39.
 1 SYSTEMPATH\View\View.php(216): CodeIgniter\Exceptions\FrameworkException::forInvalidFile('bank_accounts.php')
 2 SYSTEMPATH\Common.php(1190): CodeIgniter\View\View->render('bank_accounts', [], true)
 3 APPPATH\Controllers\BankAccountController.php(19): view('bank_accounts', [...])
 4 SYSTEMPATH\CodeIgniter.php(942): App\Controllers\BankAccountController->index()
 5 SYSTEMPATH\CodeIgniter.php(502): CodeIgniter\CodeIgniter->runController(Object(App\Controllers\BankAccountController))
 6 SYSTEMPATH\CodeIgniter.php(361): CodeIgniter\CodeIgniter->handleRequest(null, Object(Config\Cache), false)
 7 FCPATH\index.php(79): CodeIgniter\CodeIgniter->run()
CRITICAL - 2023-10-28 15:58:27 --> Invalid file: "bank_accounts.php"
in SYSTEMPATH\Exceptions\FrameworkException.php on line 39.
 1 SYSTEMPATH\View\View.php(216): CodeIgniter\Exceptions\FrameworkException::forInvalidFile('bank_accounts.php')
 2 SYSTEMPATH\Common.php(1190): CodeIgniter\View\View->render('bank_accounts', [], true)
 3 APPPATH\Controllers\BankAccountController.php(19): view('bank_accounts', [...])
 4 SYSTEMPATH\CodeIgniter.php(942): App\Controllers\BankAccountController->index()
 5 SYSTEMPATH\CodeIgniter.php(502): CodeIgniter\CodeIgniter->runController(Object(App\Controllers\BankAccountController))
 6 SYSTEMPATH\CodeIgniter.php(361): CodeIgniter\CodeIgniter->handleRequest(null, Object(Config\Cache), false)
 7 FCPATH\index.php(79): CodeIgniter\CodeIgniter->run()
CRITICAL - 2023-10-28 15:58:28 --> Invalid file: "bank_accounts.php"
in SYSTEMPATH\Exceptions\FrameworkException.php on line 39.
 1 SYSTEMPATH\View\View.php(216): CodeIgniter\Exceptions\FrameworkException::forInvalidFile('bank_accounts.php')
 2 SYSTEMPATH\Common.php(1190): CodeIgniter\View\View->render('bank_accounts', [], true)
 3 APPPATH\Controllers\BankAccountController.php(19): view('bank_accounts', [...])
 4 SYSTEMPATH\CodeIgniter.php(942): App\Controllers\BankAccountController->index()
 5 SYSTEMPATH\CodeIgniter.php(502): CodeIgniter\CodeIgniter->runController(Object(App\Controllers\BankAccountController))
 6 SYSTEMPATH\CodeIgniter.php(361): CodeIgniter\CodeIgniter->handleRequest(null, Object(Config\Cache), false)
 7 FCPATH\index.php(79): CodeIgniter\CodeIgniter->run()
CRITICAL - 2023-10-28 15:58:29 --> Invalid file: "bank_accounts.php"
in SYSTEMPATH\Exceptions\FrameworkException.php on line 39.
 1 SYSTEMPATH\View\View.php(216): CodeIgniter\Exceptions\FrameworkException::forInvalidFile('bank_accounts.php')
 2 SYSTEMPATH\Common.php(1190): CodeIgniter\View\View->render('bank_accounts', [], true)
 3 APPPATH\Controllers\BankAccountController.php(19): view('bank_accounts', [...])
 4 SYSTEMPATH\CodeIgniter.php(942): App\Controllers\BankAccountController->index()
 5 SYSTEMPATH\CodeIgniter.php(502): CodeIgniter\CodeIgniter->runController(Object(App\Controllers\BankAccountController))
 6 SYSTEMPATH\CodeIgniter.php(361): CodeIgniter\CodeIgniter->handleRequest(null, Object(Config\Cache), false)
 7 FCPATH\index.php(79): CodeIgniter\CodeIgniter->run()
CRITICAL - 2023-10-28 16:00:47 --> Invalid file: "bank_accounts.php"
in SYSTEMPATH\Exceptions\FrameworkException.php on line 39.
 1 SYSTEMPATH\View\View.php(216): CodeIgniter\Exceptions\FrameworkException::forInvalidFile('bank_accounts.php')
 2 SYSTEMPATH\Common.php(1190): CodeIgniter\View\View->render('bank_accounts', [], true)
 3 APPPATH\Controllers\BankAccountController.php(19): view('bank_accounts', [...])
 4 SYSTEMPATH\CodeIgniter.php(942): App\Controllers\BankAccountController->index()
 5 SYSTEMPATH\CodeIgniter.php(502): CodeIgniter\CodeIgniter->runController(Object(App\Controllers\BankAccountController))
 6 SYSTEMPATH\CodeIgniter.php(361): CodeIgniter\CodeIgniter->handleRequest(null, Object(Config\Cache), false)
 7 FCPATH\index.php(79): CodeIgniter\CodeIgniter->run()
CRITICAL - 2023-10-28 16:06:50 --> Invalid file: "bank_accounts.php"
in SYSTEMPATH\Exceptions\FrameworkException.php on line 39.
 1 SYSTEMPATH\View\View.php(216): CodeIgniter\Exceptions\FrameworkException::forInvalidFile('bank_accounts.php')
 2 SYSTEMPATH\Common.php(1190): CodeIgniter\View\View->render('bank_accounts', [], true)
 3 APPPATH\Controllers\BankAccountController.php(19): view('bank_accounts', [...])
 4 SYSTEMPATH\CodeIgniter.php(942): App\Controllers\BankAccountController->index()
 5 SYSTEMPATH\CodeIgniter.php(502): CodeIgniter\CodeIgniter->runController(Object(App\Controllers\BankAccountController))
 6 SYSTEMPATH\CodeIgniter.php(361): CodeIgniter\CodeIgniter->handleRequest(null, Object(Config\Cache), false)
 7 FCPATH\index.php(79): CodeIgniter\CodeIgniter->run()
CRITICAL - 2023-10-28 16:08:26 --> Invalid file: "bank_accounts.php"
in SYSTEMPATH\Exceptions\FrameworkException.php on line 39.
 1 SYSTEMPATH\View\View.php(216): CodeIgniter\Exceptions\FrameworkException::forInvalidFile('bank_accounts.php')
 2 SYSTEMPATH\Common.php(1190): CodeIgniter\View\View->render('bank_accounts', [], true)
 3 APPPATH\Controllers\BankAccountController.php(19): view('bank_accounts', [...])
 4 SYSTEMPATH\CodeIgniter.php(942): App\Controllers\BankAccountController->index()
 5 SYSTEMPATH\CodeIgniter.php(502): CodeIgniter\CodeIgniter->runController(Object(App\Controllers\BankAccountController))
 6 SYSTEMPATH\CodeIgniter.php(361): CodeIgniter\CodeIgniter->handleRequest(null, Object(Config\Cache), false)
 7 FCPATH\index.php(79): CodeIgniter\CodeIgniter->run()
CRITICAL - 2023-10-28 16:08:58 --> Invalid file: "bank_accounts.php"
in SYSTEMPATH\Exceptions\FrameworkException.php on line 39.
 1 SYSTEMPATH\View\View.php(216): CodeIgniter\Exceptions\FrameworkException::forInvalidFile('bank_accounts.php')
 2 SYSTEMPATH\Common.php(1190): CodeIgniter\View\View->render('bank_accounts', [], true)
 3 APPPATH\Controllers\BankAccountController.php(19): view('bank_accounts', [...])
 4 SYSTEMPATH\CodeIgniter.php(942): App\Controllers\BankAccountController->index()
 5 SYSTEMPATH\CodeIgniter.php(502): CodeIgniter\CodeIgniter->runController(Object(App\Controllers\BankAccountController))
 6 SYSTEMPATH\CodeIgniter.php(361): CodeIgniter\CodeIgniter->handleRequest(null, Object(Config\Cache), false)
 7 FCPATH\index.php(79): CodeIgniter\CodeIgniter->run()
CRITICAL - 2023-10-28 16:09:28 --> Invalid file: "bank_accounts.php"
in SYSTEMPATH\Exceptions\FrameworkException.php on line 39.
 1 SYSTEMPATH\View\View.php(216): CodeIgniter\Exceptions\FrameworkException::forInvalidFile('bank_accounts.php')
 2 SYSTEMPATH\Common.php(1190): CodeIgniter\View\View->render('bank_accounts', [], true)
 3 APPPATH\Controllers\BankAccountController.php(19): view('bank_accounts', [...])
 4 SYSTEMPATH\CodeIgniter.php(942): App\Controllers\BankAccountController->index()
 5 SYSTEMPATH\CodeIgniter.php(502): CodeIgniter\CodeIgniter->runController(Object(App\Controllers\BankAccountController))
 6 SYSTEMPATH\CodeIgniter.php(361): CodeIgniter\CodeIgniter->handleRequest(null, Object(Config\Cache), false)
 7 FCPATH\index.php(79): CodeIgniter\CodeIgniter->run()
CRITICAL - 2023-10-28 16:23:41 --> Deletes are not allowed unless they contain a "where" or "like" clause.
in SYSTEMPATH\Model.php on line 429.
 1 SYSTEMPATH\BaseModel.php(1080): CodeIgniter\Model->doDelete('', false)
 2 APPPATH\Controllers\BankAccountController.php(55): CodeIgniter\BaseModel->delete('')
 3 SYSTEMPATH\CodeIgniter.php(942): App\Controllers\BankAccountController->delete()
 4 SYSTEMPATH\CodeIgniter.php(502): CodeIgniter\CodeIgniter->runController(Object(App\Controllers\BankAccountController))
 5 SYSTEMPATH\CodeIgniter.php(361): CodeIgniter\CodeIgniter->handleRequest(null, Object(Config\Cache), false)
 6 FCPATH\index.php(79): CodeIgniter\CodeIgniter->run()
CRITICAL - 2023-10-28 16:29:42 --> There is no data to update.
in SYSTEMPATH\BaseModel.php on line 930.
 1 SYSTEMPATH\BaseModel.php(930): CodeIgniter\Database\Exceptions\DataException::forEmptyDataset('update')
 2 SYSTEMPATH\Model.php(776): CodeIgniter\BaseModel->update([...], [])
 3 APPPATH\Controllers\BankAccountController.php(58): CodeIgniter\Model->update('', [...])
 4 SYSTEMPATH\CodeIgniter.php(942): App\Controllers\BankAccountController->delete()
 5 SYSTEMPATH\CodeIgniter.php(502): CodeIgniter\CodeIgniter->runController(Object(App\Controllers\BankAccountController))
 6 SYSTEMPATH\CodeIgniter.php(361): CodeIgniter\CodeIgniter->handleRequest(null, Object(Config\Cache), false)
 7 FCPATH\index.php(79): CodeIgniter\CodeIgniter->run()
CRITICAL - 2023-10-28 16:57:22 --> Deletes are not allowed unless they contain a "where" or "like" clause.
in SYSTEMPATH\Model.php on line 429.
 1 SYSTEMPATH\BaseModel.php(1080): CodeIgniter\Model->doDelete('', false)
 2 APPPATH\Controllers\BankAccountController.php(55): CodeIgniter\BaseModel->delete('')
 3 SYSTEMPATH\CodeIgniter.php(942): App\Controllers\BankAccountController->delete()
 4 SYSTEMPATH\CodeIgniter.php(502): CodeIgniter\CodeIgniter->runController(Object(App\Controllers\BankAccountController))
 5 SYSTEMPATH\CodeIgniter.php(361): CodeIgniter\CodeIgniter->handleRequest(null, Object(Config\Cache), false)
 6 FCPATH\index.php(79): CodeIgniter\CodeIgniter->run()
